2019-08-28 12:01:23.0120||INFO|Microsoft.AspNetCore.DataProtection.KeyManagement.XmlKeyManager|User profile is available. Using 'C:\Users\dahun\AppData\Local\ASP.NET\DataProtection-Keys' as key repository and Windows DPAPI to encrypt keys at rest. 
2019-08-28 12:01:23.1738||INFO|Microsoft.Hosting.Lifetime|Now listening on: http://localhost:5000 
2019-08-28 12:01:23.3386||INFO|Quartz.Impl.StdSchedulerFactory|Default Quartz.NET properties loaded from embedded resource file 
2019-08-28 12:01:23.3858||DEBUG|Quartz.Simpl.TaskSchedulingThreadPool|TaskSchedulingThreadPool configured with max concurrency of 10 and TaskScheduler ThreadPoolTaskScheduler. 
2019-08-28 12:01:23.3958||INFO|Quartz.Core.SchedulerSignalerImpl|Initialized Scheduler Signaller of type: Quartz.Core.SchedulerSignalerImpl 
2019-08-28 12:01:23.4123||INFO|Quartz.Core.QuartzScheduler|Quartz Scheduler v.3.0.7.0 created. 
2019-08-28 12:01:23.4301||INFO|Quartz.Simpl.RAMJobStore|RAMJobStore initialized. 
2019-08-28 12:01:23.4371||INFO|Quartz.Core.QuartzScheduler|Scheduler meta-data: Quartz Scheduler (v3.0.7.0) 'DefaultQuartzScheduler' with instanceId 'NON_CLUSTERED'
  Scheduler class: 'Quartz.Core.QuartzScheduler' - running locally.
  NOT STARTED.
  Currently in standby mode.
  Number of jobs executed: 0
  Using thread pool 'Quartz.Simpl.DefaultThreadPool' - with 10 threads.
  Using job-store 'Quartz.Simpl.RAMJobStore' - which does not support persistence. and is not clustered.
 
2019-08-28 12:01:23.4634||INFO|Quartz.Impl.StdSchedulerFactory|Quartz scheduler 'DefaultQuartzScheduler' initialized 
2019-08-28 12:01:23.4682||INFO|Quartz.Impl.StdSchedulerFactory|Quartz scheduler version: 3.0.7.0 
2019-08-28 12:01:23.4682||INFO|Quartz.Core.QuartzScheduler|JobFactory set to: WebApiMvc.Data.Quartz.JobFactory 
2019-08-28 12:01:23.5341||INFO|Quartz.Core.QuartzScheduler|Scheduler DefaultQuartzScheduler_$_NON_CLUSTERED started. 
2019-08-28 12:01:23.5341||DEBUG|Quartz.Core.QuartzSchedulerThread|Batch acquisition of 1 triggers 
2019-08-28 12:01:23.5341||INFO|Microsoft.Hosting.Lifetime|Application started. Press Ctrl+C to shut down. 
2019-08-28 12:01:23.5598||INFO|Microsoft.Hosting.Lifetime|Hosting environment: Development 
2019-08-28 12:01:23.5598||INFO|Microsoft.Hosting.Lifetime|Content root path: C:\MyProgram\learn\C#\WebApiMvc 
2019-08-28 12:01:30.0174||DEBUG|Quartz.Core.QuartzSchedulerThread|Batch acquisition of 0 triggers 
2019-08-28 12:01:30.0441||DEBUG|Quartz.Core.JobRunShell|Calling Execute on job DEFAULT.WebApiMvc.Data.Quartz.BotApiJob 
2019-08-28 12:01:31.2663||INFO|WebApiMvc.Data.Quartz.BotApiJob|Торги:
-продают:
Цена: 0.00255370 Количество: 61.25000000
Цена: 0.00255360 Количество: 79.82000000
Цена: 0.00255290 Количество: 54.25000000
Цена: 0.00255280 Количество: 38.58000000
Цена: 0.00255270 Количество: 16.98000000
Цена: 0.00255200 Количество: 11.05000000
Цена: 0.00255150 Количество: 6.31000000
Цена: 0.00255140 Количество: 104.16000000
Цена: 0.00255130 Количество: 10.07000000
Цена: 0.00255110 Количество: 23.54000000
Цена: 0.00255090 Количество: 14.39000000
Цена: 0.00255050 Количество: 379.96000000
Цена: 0.00255040 Количество: 52.47000000
Цена: 0.00255010 Количество: 49.64000000
Цена: 0.00255000 Количество: 100.83000000
Цена: 0.00254970 Количество: 76.35000000
Цена: 0.00254850 Количество: 122.80000000
Цена: 0.00254840 Количество: 35.01000000
Цена: 0.00254780 Количество: 5.80000000
Цена: 0.00254770 Количество: 105.86000000
Цена: 0.00254760 Количество: 13.22000000
Цена: 0.00254750 Количество: 8.85000000
Цена: 0.00254740 Количество: 118.30000000
Цена: 0.00254710 Количество: 1.06000000
Цена: 0.00254700 Количество: 79.19000000
Цена: 0.00254690 Количество: 79.95000000
Цена: 0.00254680 Количество: 12.99000000
Цена: 0.00254670 Количество: 0.34000000
Цена: 0.00254660 Количество: 1.86000000
Цена: 0.00254640 Количество: 0.29000000
Цена: 0.00254630 Количество: 1.33000000
Цена: 0.00254620 Количество: 0.36000000
Цена: 0.00254610 Количество: 2.55000000
Цена: 0.00254600 Количество: 6.75000000
Цена: 0.00254590 Количество: 9.26000000
Цена: 0.00254580 Количество: 61.07000000
Цена: 0.00254560 Количество: 110.38000000
Цена: 0.00254550 Количество: 41.96000000
Цена: 0.00254540 Количество: 40.53000000
Цена: 0.00254520 Количество: 12.11000000
Цена: 0.00254510 Количество: 1.00000000
Цена: 0.00254500 Количество: 41.06000000
Цена: 0.00254490 Количество: 60.64000000
Цена: 0.00254470 Количество: 40.84000000
Цена: 0.00254440 Количество: 11.40000000
Цена: 0.00254430 Количество: 20.06000000
Цена: 0.00254420 Количество: 2.36000000
Цена: 0.00254410 Количество: 1.50000000
Цена: 0.00254400 Количество: 1.95000000
Цена: 0.00254390 Количество: 5.90000000
Цена: 0.00254380 Количество: 0.18000000
Цена: 0.00254370 Количество: 40.45000000
Цена: 0.00254360 Количество: 7.29000000
Цена: 0.00254350 Количество: 0.90000000
Цена: 0.00254340 Количество: 13.07000000
Цена: 0.00254330 Количество: 0.07000000
Цена: 0.00254320 Количество: 0.91000000
Цена: 0.00254310 Количество: 0.28000000
Цена: 0.00254300 Количество: 0.19000000
Цена: 0.00254290 Количество: 0.83000000
Цена: 0.00254280 Количество: 19.65000000
Цена: 0.00254270 Количество: 0.59000000
Цена: 0.00254260 Количество: 30.04000000
Цена: 0.00254250 Количество: 1.20000000
Цена: 0.00254240 Количество: 1.82000000
Цена: 0.00254230 Количество: 8.05000000
Цена: 0.00254220 Количество: 20.34000000
Цена: 0.00254210 Количество: 4.23000000
Цена: 0.00254200 Количество: 6.76000000
Цена: 0.00254180 Количество: 3.50000000
Цена: 0.00254170 Количество: 1.33000000
Цена: 0.00254160 Количество: 1383.24000000
Цена: 0.00254150 Количество: 0.79000000
Цена: 0.00254140 Количество: 2.64000000
Цена: 0.00254130 Количество: 2.77000000
Цена: 0.00254120 Количество: 6.76000000
Цена: 0.00254110 Количество: 19.44000000
Цена: 0.00254100 Количество: 0.10000000
Цена: 0.00254090 Количество: 4.31000000
Цена: 0.00254080 Количество: 7.40000000
Цена: 0.00254060 Количество: 6.54000000
Цена: 0.00254050 Количество: 0.58000000
Цена: 0.00254040 Количество: 37.69000000
Цена: 0.00254030 Количество: 0.21000000
Цена: 0.00254020 Количество: 0.15000000
Цена: 0.00254010 Количество: 0.06000000
Цена: 0.00254000 Количество: 619.18000000
Цена: 0.00253990 Количество: 0.63000000
Цена: 0.00253980 Количество: 4.00000000
Цена: 0.00253970 Количество: 1.60000000
Цена: 0.00253960 Количество: 6.87000000
Цена: 0.00253950 Количество: 0.08000000
Цена: 0.00253940 Количество: 3.56000000
Цена: 0.00253930 Количество: 4.27000000
Цена: 0.00253910 Количество: 778.02000000
Цена: 0.00253900 Количество: 37.84000000
Цена: 0.00253880 Количество: 9.01000000
Цена: 0.00253870 Количество: 0.46000000
Цена: 0.00253860 Количество: 0.52000000
Цена: 0.00253840 Количество: 4.89000000
+покупают
Цена: 0.00255370 Количество: 61.25000000
Цена: 0.00255360 Количество: 79.82000000
Цена: 0.00255290 Количество: 54.25000000
Цена: 0.00255280 Количество: 38.58000000
Цена: 0.00255270 Количество: 16.98000000
Цена: 0.00255200 Количество: 11.05000000
Цена: 0.00255150 Количество: 6.31000000
Цена: 0.00255140 Количество: 104.16000000
Цена: 0.00255130 Количество: 10.07000000
Цена: 0.00255110 Количество: 23.54000000
Цена: 0.00255090 Количество: 14.39000000
Цена: 0.00255050 Количество: 379.96000000
Цена: 0.00255040 Количество: 52.47000000
Цена: 0.00255010 Количество: 49.64000000
Цена: 0.00255000 Количество: 100.83000000
Цена: 0.00254970 Количество: 76.35000000
Цена: 0.00254850 Количество: 122.80000000
Цена: 0.00254840 Количество: 35.01000000
Цена: 0.00254780 Количество: 5.80000000
Цена: 0.00254770 Количество: 105.86000000
Цена: 0.00254760 Количество: 13.22000000
Цена: 0.00254750 Количество: 8.85000000
Цена: 0.00254740 Количество: 118.30000000
Цена: 0.00254710 Количество: 1.06000000
Цена: 0.00254700 Количество: 79.19000000
Цена: 0.00254690 Количество: 79.95000000
Цена: 0.00254680 Количество: 12.99000000
Цена: 0.00254670 Количество: 0.34000000
Цена: 0.00254660 Количество: 1.86000000
Цена: 0.00254640 Количество: 0.29000000
Цена: 0.00254630 Количество: 1.33000000
Цена: 0.00254620 Количество: 0.36000000
Цена: 0.00254610 Количество: 2.55000000
Цена: 0.00254600 Количество: 6.75000000
Цена: 0.00254590 Количество: 9.26000000
Цена: 0.00254580 Количество: 61.07000000
Цена: 0.00254560 Количество: 110.38000000
Цена: 0.00254550 Количество: 41.96000000
Цена: 0.00254540 Количество: 40.53000000
Цена: 0.00254520 Количество: 12.11000000
Цена: 0.00254510 Количество: 1.00000000
Цена: 0.00254500 Количество: 41.06000000
Цена: 0.00254490 Количество: 60.64000000
Цена: 0.00254470 Количество: 40.84000000
Цена: 0.00254440 Количество: 11.40000000
Цена: 0.00254430 Количество: 20.06000000
Цена: 0.00254420 Количество: 2.36000000
Цена: 0.00254410 Количество: 1.50000000
Цена: 0.00254400 Количество: 1.95000000
Цена: 0.00254390 Количество: 5.90000000
Цена: 0.00254380 Количество: 0.18000000
Цена: 0.00254370 Количество: 40.45000000
Цена: 0.00254360 Количество: 7.29000000
Цена: 0.00254350 Количество: 0.90000000
Цена: 0.00254340 Количество: 13.07000000
Цена: 0.00254330 Количество: 0.07000000
Цена: 0.00254320 Количество: 0.91000000
Цена: 0.00254310 Количество: 0.28000000
Цена: 0.00254300 Количество: 0.19000000
Цена: 0.00254290 Количество: 0.83000000
Цена: 0.00254280 Количество: 19.65000000
Цена: 0.00254270 Количество: 0.59000000
Цена: 0.00254260 Количество: 30.04000000
Цена: 0.00254250 Количество: 1.20000000
Цена: 0.00254240 Количество: 1.82000000
Цена: 0.00254230 Количество: 8.05000000
Цена: 0.00254220 Количество: 20.34000000
Цена: 0.00254210 Количество: 4.23000000
Цена: 0.00254200 Количество: 6.76000000
Цена: 0.00254180 Количество: 3.50000000
Цена: 0.00254170 Количество: 1.33000000
Цена: 0.00254160 Количество: 1383.24000000
Цена: 0.00254150 Количество: 0.79000000
Цена: 0.00254140 Количество: 2.64000000
Цена: 0.00254130 Количество: 2.77000000
Цена: 0.00254120 Количество: 6.76000000
Цена: 0.00254110 Количество: 19.44000000
Цена: 0.00254100 Количество: 0.10000000
Цена: 0.00254090 Количество: 4.31000000
Цена: 0.00254080 Количество: 7.40000000
Цена: 0.00254060 Количество: 6.54000000
Цена: 0.00254050 Количество: 0.58000000
Цена: 0.00254040 Количество: 37.69000000
Цена: 0.00254030 Количество: 0.21000000
Цена: 0.00254020 Количество: 0.15000000
Цена: 0.00254010 Количество: 0.06000000
Цена: 0.00254000 Количество: 619.18000000
Цена: 0.00253990 Количество: 0.63000000
Цена: 0.00253980 Количество: 4.00000000
Цена: 0.00253970 Количество: 1.60000000
Цена: 0.00253960 Количество: 6.87000000
Цена: 0.00253950 Количество: 0.08000000
Цена: 0.00253940 Количество: 3.56000000
Цена: 0.00253930 Количество: 4.27000000
Цена: 0.00253910 Количество: 778.02000000
Цена: 0.00253900 Количество: 37.84000000
Цена: 0.00253880 Количество: 9.01000000
Цена: 0.00253870 Количество: 0.46000000
Цена: 0.00253860 Количество: 0.52000000
Цена: 0.00253840 Количество: 4.89000000
 
2019-08-28 12:01:31.4657||DEBUG|Quartz.Core.JobRunShell|Trigger instruction : NoInstruction 
2019-08-28 12:01:31.4657||DEBUG|Quartz.Core.QuartzSchedulerThread|Batch acquisition of 1 triggers 
2019-08-28 12:02:00.0019||DEBUG|Quartz.Core.JobRunShell|Calling Execute on job DEFAULT.WebApiMvc.Data.Quartz.BotApiJob 
2019-08-28 12:02:00.0019||DEBUG|Quartz.Core.QuartzSchedulerThread|Batch acquisition of 0 triggers 
2019-08-28 12:02:00.5403||INFO|WebApiMvc.Data.Quartz.BotApiJob|Торги:
-продают:
Цена: 0.00255420 Количество: 4.07000000
Цена: 0.00255410 Количество: 146.66000000
Цена: 0.00255390 Количество: 2.12000000
Цена: 0.00255370 Количество: 39.72000000
Цена: 0.00255310 Количество: 12.77000000
Цена: 0.00255300 Количество: 41.56000000
Цена: 0.00255290 Количество: 54.25000000
Цена: 0.00255280 Количество: 197.70000000
Цена: 0.00255270 Количество: 22.85000000
Цена: 0.00255210 Количество: 6.31000000
Цена: 0.00255200 Количество: 11.05000000
Цена: 0.00255160 Количество: 103.58000000
Цена: 0.00255150 Количество: 50.00000000
Цена: 0.00255140 Количество: 29.27000000
Цена: 0.00255130 Количество: 10.07000000
Цена: 0.00255110 Количество: 23.54000000
Цена: 0.00255050 Количество: 379.96000000
Цена: 0.00255010 Количество: 49.64000000
Цена: 0.00255000 Количество: 100.83000000
Цена: 0.00254970 Количество: 76.35000000
Цена: 0.00254900 Количество: 2.00000000
Цена: 0.00254850 Количество: 122.80000000
Цена: 0.00254840 Количество: 5.80000000
Цена: 0.00254800 Количество: 78.29000000
Цена: 0.00254790 Количество: 78.29000000
Цена: 0.00254770 Количество: 184.15000000
Цена: 0.00254760 Количество: 13.22000000
Цена: 0.00254750 Количество: 8.85000000
Цена: 0.00254740 Количество: 118.30000000
Цена: 0.00254710 Количество: 1.06000000
Цена: 0.00254700 Количество: 0.91000000
Цена: 0.00254690 Количество: 19.18000000
Цена: 0.00254680 Количество: 12.99000000
Цена: 0.00254670 Количество: 0.34000000
Цена: 0.00254660 Количество: 1.86000000
Цена: 0.00254640 Количество: 0.29000000
Цена: 0.00254630 Количество: 1.33000000
Цена: 0.00254620 Количество: 0.36000000
Цена: 0.00254610 Количество: 8.35000000
Цена: 0.00254600 Количество: 6.75000000
Цена: 0.00254590 Количество: 9.26000000
Цена: 0.00254580 Количество: 41.07000000
Цена: 0.00254560 Количество: 110.38000000
Цена: 0.00254550 Количество: 41.96000000
Цена: 0.00254540 Количество: 40.53000000
Цена: 0.00254520 Количество: 12.11000000
Цена: 0.00254510 Количество: 1.00000000
Цена: 0.00254500 Количество: 35.26000000
Цена: 0.00254490 Количество: 60.64000000
Цена: 0.00254470 Количество: 40.84000000
Цена: 0.00254450 Количество: 374.43000000
Цена: 0.00254440 Количество: 11.40000000
Цена: 0.00254430 Количество: 0.06000000
Цена: 0.00254420 Количество: 2.36000000
Цена: 0.00254410 Количество: 1.50000000
Цена: 0.00254400 Количество: 1.95000000
Цена: 0.00254390 Количество: 0.10000000
Цена: 0.00254380 Количество: 0.18000000
Цена: 0.00254370 Количество: 40.45000000
Цена: 0.00254360 Количество: 7.29000000
Цена: 0.00254350 Количество: 0.90000000
Цена: 0.00254340 Количество: 13.07000000
Цена: 0.00254330 Количество: 0.07000000
Цена: 0.00254320 Количество: 0.91000000
Цена: 0.00254310 Количество: 0.28000000
Цена: 0.00254300 Количество: 0.19000000
Цена: 0.00254290 Количество: 0.83000000
Цена: 0.00254280 Количество: 19.65000000
Цена: 0.00254270 Количество: 0.59000000
Цена: 0.00254260 Количество: 30.04000000
Цена: 0.00254250 Количество: 1.20000000
Цена: 0.00254240 Количество: 1.82000000
Цена: 0.00254230 Количество: 7.86000000
Цена: 0.00254220 Количество: 26.14000000
Цена: 0.00254210 Количество: 4.23000000
Цена: 0.00254200 Количество: 6.76000000
Цена: 0.00254180 Количество: 3.50000000
Цена: 0.00254170 Количество: 1.33000000
Цена: 0.00254160 Количество: 1383.24000000
Цена: 0.00254150 Количество: 0.79000000
Цена: 0.00254140 Количество: 2.64000000
Цена: 0.00254130 Количество: 2.77000000
Цена: 0.00254120 Количество: 6.76000000
Цена: 0.00254110 Количество: 13.64000000
Цена: 0.00254100 Количество: 0.10000000
Цена: 0.00254090 Количество: 4.31000000
Цена: 0.00254080 Количество: 7.40000000
Цена: 0.00254060 Количество: 12.34000000
Цена: 0.00254050 Количество: 0.58000000
Цена: 0.00254040 Количество: 37.69000000
Цена: 0.00254030 Количество: 0.21000000
Цена: 0.00254020 Количество: 0.15000000
Цена: 0.00254010 Количество: 0.06000000
Цена: 0.00254000 Количество: 613.38000000
Цена: 0.00253990 Количество: 0.63000000
Цена: 0.00253980 Количество: 4.00000000
Цена: 0.00253970 Количество: 1.60000000
Цена: 0.00253960 Количество: 6.87000000
Цена: 0.00253950 Количество: 0.08000000
Цена: 0.00253940 Количество: 3.56000000
+покупают
Цена: 0.00255420 Количество: 4.07000000
Цена: 0.00255410 Количество: 146.66000000
Цена: 0.00255390 Количество: 2.12000000
Цена: 0.00255370 Количество: 39.72000000
Цена: 0.00255310 Количество: 12.77000000
Цена: 0.00255300 Количество: 41.56000000
Цена: 0.00255290 Количество: 54.25000000
Цена: 0.00255280 Количество: 197.70000000
Цена: 0.00255270 Количество: 22.85000000
Цена: 0.00255210 Количество: 6.31000000
Цена: 0.00255200 Количество: 11.05000000
Цена: 0.00255160 Количество: 103.58000000
Цена: 0.00255150 Количество: 50.00000000
Цена: 0.00255140 Количество: 29.27000000
Цена: 0.00255130 Количество: 10.07000000
Цена: 0.00255110 Количество: 23.54000000
Цена: 0.00255050 Количество: 379.96000000
Цена: 0.00255010 Количество: 49.64000000
Цена: 0.00255000 Количество: 100.83000000
Цена: 0.00254970 Количество: 76.35000000
Цена: 0.00254900 Количество: 2.00000000
Цена: 0.00254850 Количество: 122.80000000
Цена: 0.00254840 Количество: 5.80000000
Цена: 0.00254800 Количество: 78.29000000
Цена: 0.00254790 Количество: 78.29000000
Цена: 0.00254770 Количество: 184.15000000
Цена: 0.00254760 Количество: 13.22000000
Цена: 0.00254750 Количество: 8.85000000
Цена: 0.00254740 Количество: 118.30000000
Цена: 0.00254710 Количество: 1.06000000
Цена: 0.00254700 Количество: 0.91000000
Цена: 0.00254690 Количество: 19.18000000
Цена: 0.00254680 Количество: 12.99000000
Цена: 0.00254670 Количество: 0.34000000
Цена: 0.00254660 Количество: 1.86000000
Цена: 0.00254640 Количество: 0.29000000
Цена: 0.00254630 Количество: 1.33000000
Цена: 0.00254620 Количество: 0.36000000
Цена: 0.00254610 Количество: 8.35000000
Цена: 0.00254600 Количество: 6.75000000
Цена: 0.00254590 Количество: 9.26000000
Цена: 0.00254580 Количество: 41.07000000
Цена: 0.00254560 Количество: 110.38000000
Цена: 0.00254550 Количество: 41.96000000
Цена: 0.00254540 Количество: 40.53000000
Цена: 0.00254520 Количество: 12.11000000
Цена: 0.00254510 Количество: 1.00000000
Цена: 0.00254500 Количество: 35.26000000
Цена: 0.00254490 Количество: 60.64000000
Цена: 0.00254470 Количество: 40.84000000
Цена: 0.00254450 Количество: 374.43000000
Цена: 0.00254440 Количество: 11.40000000
Цена: 0.00254430 Количество: 0.06000000
Цена: 0.00254420 Количество: 2.36000000
Цена: 0.00254410 Количество: 1.50000000
Цена: 0.00254400 Количество: 1.95000000
Цена: 0.00254390 Количество: 0.10000000
Цена: 0.00254380 Количество: 0.18000000
Цена: 0.00254370 Количество: 40.45000000
Цена: 0.00254360 Количество: 7.29000000
Цена: 0.00254350 Количество: 0.90000000
Цена: 0.00254340 Количество: 13.07000000
Цена: 0.00254330 Количество: 0.07000000
Цена: 0.00254320 Количество: 0.91000000
Цена: 0.00254310 Количество: 0.28000000
Цена: 0.00254300 Количество: 0.19000000
Цена: 0.00254290 Количество: 0.83000000
Цена: 0.00254280 Количество: 19.65000000
Цена: 0.00254270 Количество: 0.59000000
Цена: 0.00254260 Количество: 30.04000000
Цена: 0.00254250 Количество: 1.20000000
Цена: 0.00254240 Количество: 1.82000000
Цена: 0.00254230 Количество: 7.86000000
Цена: 0.00254220 Количество: 26.14000000
Цена: 0.00254210 Количество: 4.23000000
Цена: 0.00254200 Количество: 6.76000000
Цена: 0.00254180 Количество: 3.50000000
Цена: 0.00254170 Количество: 1.33000000
Цена: 0.00254160 Количество: 1383.24000000
Цена: 0.00254150 Количество: 0.79000000
Цена: 0.00254140 Количество: 2.64000000
Цена: 0.00254130 Количество: 2.77000000
Цена: 0.00254120 Количество: 6.76000000
Цена: 0.00254110 Количество: 13.64000000
Цена: 0.00254100 Количество: 0.10000000
Цена: 0.00254090 Количество: 4.31000000
Цена: 0.00254080 Количество: 7.40000000
Цена: 0.00254060 Количество: 12.34000000
Цена: 0.00254050 Количество: 0.58000000
Цена: 0.00254040 Количество: 37.69000000
Цена: 0.00254030 Количество: 0.21000000
Цена: 0.00254020 Количество: 0.15000000
Цена: 0.00254010 Количество: 0.06000000
Цена: 0.00254000 Количество: 613.38000000
Цена: 0.00253990 Количество: 0.63000000
Цена: 0.00253980 Количество: 4.00000000
Цена: 0.00253970 Количество: 1.60000000
Цена: 0.00253960 Количество: 6.87000000
Цена: 0.00253950 Количество: 0.08000000
Цена: 0.00253940 Количество: 3.56000000
 
2019-08-28 12:02:00.7505||DEBUG|Quartz.Core.JobRunShell|Trigger instruction : NoInstruction 
2019-08-28 12:02:00.7505||DEBUG|Quartz.Core.QuartzSchedulerThread|Batch acquisition of 1 triggers 
2019-08-28 12:02:30.0041||DEBUG|Quartz.Core.QuartzSchedulerThread|Batch acquisition of 0 triggers 
2019-08-28 12:02:30.0041||DEBUG|Quartz.Core.JobRunShell|Calling Execute on job DEFAULT.WebApiMvc.Data.Quartz.BotApiJob 
2019-08-28 12:02:30.5549||INFO|WebApiMvc.Data.Quartz.BotApiJob|Торги:
-продают:
Цена: 0.00255530 Количество: 14.62000000
Цена: 0.00255510 Количество: 7.82000000
Цена: 0.00255500 Количество: 158.00000000
Цена: 0.00255470 Количество: 12.55000000
Цена: 0.00255460 Количество: 38.80000000
Цена: 0.00255440 Количество: 50.00000000
Цена: 0.00255430 Количество: 8.26000000
Цена: 0.00255390 Количество: 2.12000000
Цена: 0.00255370 Количество: 39.72000000
Цена: 0.00255330 Количество: 14.25000000
Цена: 0.00255320 Количество: 26.95000000
Цена: 0.00255290 Количество: 59.14000000
Цена: 0.00255280 Количество: 50.00000000
Цена: 0.00255270 Количество: 22.85000000
Цена: 0.00255250 Количество: 75.02000000
Цена: 0.00255210 Количество: 6.31000000
Цена: 0.00255180 Количество: 10.26000000
Цена: 0.00255170 Количество: 52.11000000
Цена: 0.00255160 Количество: 380.38000000
Цена: 0.00255140 Количество: 3.85000000
Цена: 0.00255120 Количество: 0.11000000
Цена: 0.00255110 Количество: 23.54000000
Цена: 0.00255060 Количество: 35.01000000
Цена: 0.00255000 Количество: 101.01000000
Цена: 0.00254970 Количество: 76.35000000
Цена: 0.00254920 Количество: 5.80000000
Цена: 0.00254900 Количество: 2.00000000
Цена: 0.00254890 Количество: 79.32000000
Цена: 0.00254860 Количество: 0.18000000
Цена: 0.00254850 Количество: 122.80000000
Цена: 0.00254770 Количество: 123.33000000
Цена: 0.00254760 Количество: 73.71000000
Цена: 0.00254750 Количество: 8.85000000
Цена: 0.00254740 Количество: 118.30000000
Цена: 0.00254710 Количество: 1.06000000
Цена: 0.00254700 Количество: 0.91000000
Цена: 0.00254690 Количество: 1.70000000
Цена: 0.00254680 Количество: 12.99000000
Цена: 0.00254670 Количество: 0.34000000
Цена: 0.00254660 Количество: 1.86000000
Цена: 0.00254650 Количество: 5.79000000
Цена: 0.00254640 Количество: 0.29000000
Цена: 0.00254630 Количество: 1.33000000
Цена: 0.00254620 Количество: 0.36000000
Цена: 0.00254610 Количество: 2.55000000
Цена: 0.00254600 Количество: 6.75000000
Цена: 0.00254590 Количество: 0.51000000
Цена: 0.00254580 Количество: 41.07000000
Цена: 0.00254560 Количество: 110.38000000
Цена: 0.00254550 Количество: 41.96000000
Цена: 0.00254540 Количество: 40.53000000
Цена: 0.00254530 Количество: 5.80000000
Цена: 0.00254520 Количество: 12.11000000
Цена: 0.00254510 Количество: 1.00000000
Цена: 0.00254500 Количество: 35.26000000
Цена: 0.00254490 Количество: 0.06000000
Цена: 0.00254470 Количество: 40.84000000
Цена: 0.00254450 Количество: 368.63000000
Цена: 0.00254440 Количество: 11.40000000
Цена: 0.00254430 Количество: 0.06000000
Цена: 0.00254420 Количество: 2.36000000
Цена: 0.00254410 Количество: 1.50000000
Цена: 0.00254400 Количество: 1.95000000
Цена: 0.00254390 Количество: 0.10000000
Цена: 0.00254380 Количество: 0.18000000
Цена: 0.00254370 Количество: 40.45000000
Цена: 0.00254360 Количество: 7.29000000
Цена: 0.00254350 Количество: 0.90000000
Цена: 0.00254340 Количество: 13.07000000
Цена: 0.00254330 Количество: 0.07000000
Цена: 0.00254320 Количество: 0.91000000
Цена: 0.00254310 Количество: 0.28000000
Цена: 0.00254300 Количество: 0.19000000
Цена: 0.00254290 Количество: 0.83000000
Цена: 0.00254280 Количество: 19.65000000
Цена: 0.00254270 Количество: 0.59000000
Цена: 0.00254260 Количество: 35.83000000
Цена: 0.00254250 Количество: 1.20000000
Цена: 0.00254240 Количество: 1.82000000
Цена: 0.00254230 Количество: 7.86000000
Цена: 0.00254220 Количество: 20.34000000
Цена: 0.00254210 Количество: 4.23000000
Цена: 0.00254200 Количество: 6.76000000
Цена: 0.00254180 Количество: 3.50000000
Цена: 0.00254170 Количество: 1.33000000
Цена: 0.00254160 Количество: 1383.24000000
Цена: 0.00254150 Количество: 0.79000000
Цена: 0.00254140 Количество: 8.44000000
Цена: 0.00254130 Количество: 2.77000000
Цена: 0.00254120 Количество: 6.76000000
Цена: 0.00254110 Количество: 13.64000000
Цена: 0.00254100 Количество: 0.10000000
Цена: 0.00254090 Количество: 4.31000000
Цена: 0.00254080 Количество: 7.40000000
Цена: 0.00254060 Количество: 6.54000000
Цена: 0.00254050 Количество: 0.58000000
Цена: 0.00254040 Количество: 37.69000000
Цена: 0.00254030 Количество: 0.21000000
Цена: 0.00254020 Количество: 0.15000000
Цена: 0.00254010 Количество: 0.06000000
+покупают
Цена: 0.00255530 Количество: 14.62000000
Цена: 0.00255510 Количество: 7.82000000
Цена: 0.00255500 Количество: 158.00000000
Цена: 0.00255470 Количество: 12.55000000
Цена: 0.00255460 Количество: 38.80000000
Цена: 0.00255440 Количество: 50.00000000
Цена: 0.00255430 Количество: 8.26000000
Цена: 0.00255390 Количество: 2.12000000
Цена: 0.00255370 Количество: 39.72000000
Цена: 0.00255330 Количество: 14.25000000
Цена: 0.00255320 Количество: 26.95000000
Цена: 0.00255290 Количество: 59.14000000
Цена: 0.00255280 Количество: 50.00000000
Цена: 0.00255270 Количество: 22.85000000
Цена: 0.00255250 Количество: 75.02000000
Цена: 0.00255210 Количество: 6.31000000
Цена: 0.00255180 Количество: 10.26000000
Цена: 0.00255170 Количество: 52.11000000
Цена: 0.00255160 Количество: 380.38000000
Цена: 0.00255140 Количество: 3.85000000
Цена: 0.00255120 Количество: 0.11000000
Цена: 0.00255110 Количество: 23.54000000
Цена: 0.00255060 Количество: 35.01000000
Цена: 0.00255000 Количество: 101.01000000
Цена: 0.00254970 Количество: 76.35000000
Цена: 0.00254920 Количество: 5.80000000
Цена: 0.00254900 Количество: 2.00000000
Цена: 0.00254890 Количество: 79.32000000
Цена: 0.00254860 Количество: 0.18000000
Цена: 0.00254850 Количество: 122.80000000
Цена: 0.00254770 Количество: 123.33000000
Цена: 0.00254760 Количество: 73.71000000
Цена: 0.00254750 Количество: 8.85000000
Цена: 0.00254740 Количество: 118.30000000
Цена: 0.00254710 Количество: 1.06000000
Цена: 0.00254700 Количество: 0.91000000
Цена: 0.00254690 Количество: 1.70000000
Цена: 0.00254680 Количество: 12.99000000
Цена: 0.00254670 Количество: 0.34000000
Цена: 0.00254660 Количество: 1.86000000
Цена: 0.00254650 Количество: 5.79000000
Цена: 0.00254640 Количество: 0.29000000
Цена: 0.00254630 Количество: 1.33000000
Цена: 0.00254620 Количество: 0.36000000
Цена: 0.00254610 Количество: 2.55000000
Цена: 0.00254600 Количество: 6.75000000
Цена: 0.00254590 Количество: 0.51000000
Цена: 0.00254580 Количество: 41.07000000
Цена: 0.00254560 Количество: 110.38000000
Цена: 0.00254550 Количество: 41.96000000
Цена: 0.00254540 Количество: 40.53000000
Цена: 0.00254530 Количество: 5.80000000
Цена: 0.00254520 Количество: 12.11000000
Цена: 0.00254510 Количество: 1.00000000
Цена: 0.00254500 Количество: 35.26000000
Цена: 0.00254490 Количество: 0.06000000
Цена: 0.00254470 Количество: 40.84000000
Цена: 0.00254450 Количество: 368.63000000
Цена: 0.00254440 Количество: 11.40000000
Цена: 0.00254430 Количество: 0.06000000
Цена: 0.00254420 Количество: 2.36000000
Цена: 0.00254410 Количество: 1.50000000
Цена: 0.00254400 Количество: 1.95000000
Цена: 0.00254390 Количество: 0.10000000
Цена: 0.00254380 Количество: 0.18000000
Цена: 0.00254370 Количество: 40.45000000
Цена: 0.00254360 Количество: 7.29000000
Цена: 0.00254350 Количество: 0.90000000
Цена: 0.00254340 Количество: 13.07000000
Цена: 0.00254330 Количество: 0.07000000
Цена: 0.00254320 Количество: 0.91000000
Цена: 0.00254310 Количество: 0.28000000
Цена: 0.00254300 Количество: 0.19000000
Цена: 0.00254290 Количество: 0.83000000
Цена: 0.00254280 Количество: 19.65000000
Цена: 0.00254270 Количество: 0.59000000
Цена: 0.00254260 Количество: 35.83000000
Цена: 0.00254250 Количество: 1.20000000
Цена: 0.00254240 Количество: 1.82000000
Цена: 0.00254230 Количество: 7.86000000
Цена: 0.00254220 Количество: 20.34000000
Цена: 0.00254210 Количество: 4.23000000
Цена: 0.00254200 Количество: 6.76000000
Цена: 0.00254180 Количество: 3.50000000
Цена: 0.00254170 Количество: 1.33000000
Цена: 0.00254160 Количество: 1383.24000000
Цена: 0.00254150 Количество: 0.79000000
Цена: 0.00254140 Количество: 8.44000000
Цена: 0.00254130 Количество: 2.77000000
Цена: 0.00254120 Количество: 6.76000000
Цена: 0.00254110 Количество: 13.64000000
Цена: 0.00254100 Количество: 0.10000000
Цена: 0.00254090 Количество: 4.31000000
Цена: 0.00254080 Количество: 7.40000000
Цена: 0.00254060 Количество: 6.54000000
Цена: 0.00254050 Количество: 0.58000000
Цена: 0.00254040 Количество: 37.69000000
Цена: 0.00254030 Количество: 0.21000000
Цена: 0.00254020 Количество: 0.15000000
Цена: 0.00254010 Количество: 0.06000000
 
2019-08-28 12:02:30.8073||DEBUG|Quartz.Core.JobRunShell|Trigger instruction : NoInstruction 
2019-08-28 12:02:30.8138||DEBUG|Quartz.Core.QuartzSchedulerThread|Batch acquisition of 1 triggers 
2019-08-28 12:03:00.0016||DEBUG|Quartz.Core.QuartzSchedulerThread|Batch acquisition of 0 triggers 
2019-08-28 12:03:00.0016||DEBUG|Quartz.Core.JobRunShell|Calling Execute on job DEFAULT.WebApiMvc.Data.Quartz.BotApiJob 
2019-08-28 12:03:00.6808||INFO|WebApiMvc.Data.Quartz.BotApiJob|Торги:
-продают:
Цена: 0.00255600 Количество: 15.94000000
Цена: 0.00255570 Количество: 5.86000000
Цена: 0.00255510 Количество: 81.99000000
Цена: 0.00255500 Количество: 158.00000000
Цена: 0.00255480 Количество: 100.00000000
Цена: 0.00255470 Количество: 81.54000000
Цена: 0.00255460 Количество: 62.90000000
Цена: 0.00255430 Количество: 8.26000000
Цена: 0.00255390 Количество: 2.12000000
Цена: 0.00255370 Количество: 39.72000000
Цена: 0.00255340 Количество: 110.01000000
Цена: 0.00255290 Количество: 4.25000000
Цена: 0.00255280 Количество: 3.91000000
Цена: 0.00255270 Количество: 22.85000000
Цена: 0.00255200 Количество: 385.61000000
Цена: 0.00255190 Количество: 51.30000000
Цена: 0.00255180 Количество: 16.24000000
Цена: 0.00255170 Количество: 127.86000000
Цена: 0.00255140 Количество: 82.06000000
Цена: 0.00255120 Количество: 0.11000000
Цена: 0.00255110 Количество: 101.77000000
Цена: 0.00255000 Количество: 101.01000000
Цена: 0.00254970 Количество: 76.35000000
Цена: 0.00254920 Количество: 5.80000000
Цена: 0.00254900 Количество: 2.00000000
Цена: 0.00254890 Количество: 61.52000000
Цена: 0.00254860 Количество: 0.18000000
Цена: 0.00254850 Количество: 122.80000000
Цена: 0.00254770 Количество: 119.98000000
Цена: 0.00254760 Количество: 13.22000000
Цена: 0.00254750 Количество: 8.85000000
Цена: 0.00254740 Количество: 118.30000000
Цена: 0.00254710 Количество: 1.06000000
Цена: 0.00254700 Количество: 0.91000000
Цена: 0.00254690 Количество: 1.70000000
Цена: 0.00254680 Количество: 12.99000000
Цена: 0.00254670 Количество: 0.34000000
Цена: 0.00254660 Количество: 1.86000000
Цена: 0.00254640 Количество: 0.29000000
Цена: 0.00254630 Количество: 1.33000000
Цена: 0.00254620 Количество: 0.36000000
Цена: 0.00254610 Количество: 10.37000000
Цена: 0.00254600 Количество: 6.75000000
Цена: 0.00254590 Количество: 0.51000000
Цена: 0.00254580 Количество: 41.07000000
Цена: 0.00254560 Количество: 110.38000000
Цена: 0.00254550 Количество: 41.96000000
Цена: 0.00254540 Количество: 40.53000000
Цена: 0.00254530 Количество: 5.80000000
Цена: 0.00254520 Количество: 12.11000000
Цена: 0.00254510 Количество: 1.00000000
Цена: 0.00254500 Количество: 35.26000000
Цена: 0.00254490 Количество: 0.06000000
Цена: 0.00254470 Количество: 40.84000000
Цена: 0.00254450 Количество: 368.63000000
Цена: 0.00254440 Количество: 11.40000000
Цена: 0.00254430 Количество: 0.06000000
Цена: 0.00254420 Количество: 409.95000000
Цена: 0.00254410 Количество: 1.50000000
Цена: 0.00254400 Количество: 1.95000000
Цена: 0.00254390 Количество: 0.10000000
Цена: 0.00254380 Количество: 0.18000000
Цена: 0.00254370 Количество: 40.45000000
Цена: 0.00254360 Количество: 7.29000000
Цена: 0.00254350 Количество: 0.90000000
Цена: 0.00254340 Количество: 5.24000000
Цена: 0.00254330 Количество: 0.07000000
Цена: 0.00254320 Количество: 0.91000000
Цена: 0.00254310 Количество: 0.28000000
Цена: 0.00254300 Количество: 0.19000000
Цена: 0.00254290 Количество: 0.83000000
Цена: 0.00254280 Количество: 19.65000000
Цена: 0.00254270 Количество: 0.59000000
Цена: 0.00254260 Количество: 30.04000000
Цена: 0.00254250 Количество: 1.20000000
Цена: 0.00254240 Количество: 1.82000000
Цена: 0.00254230 Количество: 7.86000000
Цена: 0.00254220 Количество: 20.34000000
Цена: 0.00254210 Количество: 4.23000000
Цена: 0.00254200 Количество: 6.76000000
Цена: 0.00254180 Количество: 3.50000000
Цена: 0.00254170 Количество: 1.33000000
Цена: 0.00254160 Количество: 1966.33000000
Цена: 0.00254150 Количество: 0.79000000
Цена: 0.00254140 Количество: 8.44000000
Цена: 0.00254130 Количество: 2.77000000
Цена: 0.00254120 Количество: 6.76000000
Цена: 0.00254110 Количество: 13.64000000
Цена: 0.00254100 Количество: 0.10000000
Цена: 0.00254090 Количество: 4.31000000
Цена: 0.00254080 Количество: 7.40000000
Цена: 0.00254060 Количество: 6.54000000
Цена: 0.00254050 Количество: 0.58000000
Цена: 0.00254040 Количество: 37.69000000
Цена: 0.00254030 Количество: 0.21000000
Цена: 0.00254020 Количество: 0.15000000
Цена: 0.00254010 Количество: 0.06000000
Цена: 0.00254000 Количество: 605.54000000
Цена: 0.00253990 Количество: 0.63000000
Цена: 0.00253980 Количество: 4.00000000
+покупают
Цена: 0.00255600 Количество: 15.94000000
Цена: 0.00255570 Количество: 5.86000000
Цена: 0.00255510 Количество: 81.99000000
Цена: 0.00255500 Количество: 158.00000000
Цена: 0.00255480 Количество: 100.00000000
Цена: 0.00255470 Количество: 81.54000000
Цена: 0.00255460 Количество: 62.90000000
Цена: 0.00255430 Количество: 8.26000000
Цена: 0.00255390 Количество: 2.12000000
Цена: 0.00255370 Количество: 39.72000000
Цена: 0.00255340 Количество: 110.01000000
Цена: 0.00255290 Количество: 4.25000000
Цена: 0.00255280 Количество: 3.91000000
Цена: 0.00255270 Количество: 22.85000000
Цена: 0.00255200 Количество: 385.61000000
Цена: 0.00255190 Количество: 51.30000000
Цена: 0.00255180 Количество: 16.24000000
Цена: 0.00255170 Количество: 127.86000000
Цена: 0.00255140 Количество: 82.06000000
Цена: 0.00255120 Количество: 0.11000000
Цена: 0.00255110 Количество: 101.77000000
Цена: 0.00255000 Количество: 101.01000000
Цена: 0.00254970 Количество: 76.35000000
Цена: 0.00254920 Количество: 5.80000000
Цена: 0.00254900 Количество: 2.00000000
Цена: 0.00254890 Количество: 61.52000000
Цена: 0.00254860 Количество: 0.18000000
Цена: 0.00254850 Количество: 122.80000000
Цена: 0.00254770 Количество: 119.98000000
Цена: 0.00254760 Количество: 13.22000000
Цена: 0.00254750 Количество: 8.85000000
Цена: 0.00254740 Количество: 118.30000000
Цена: 0.00254710 Количество: 1.06000000
Цена: 0.00254700 Количество: 0.91000000
Цена: 0.00254690 Количество: 1.70000000
Цена: 0.00254680 Количество: 12.99000000
Цена: 0.00254670 Количество: 0.34000000
Цена: 0.00254660 Количество: 1.86000000
Цена: 0.00254640 Количество: 0.29000000
Цена: 0.00254630 Количество: 1.33000000
Цена: 0.00254620 Количество: 0.36000000
Цена: 0.00254610 Количество: 10.37000000
Цена: 0.00254600 Количество: 6.75000000
Цена: 0.00254590 Количество: 0.51000000
Цена: 0.00254580 Количество: 41.07000000
Цена: 0.00254560 Количество: 110.38000000
Цена: 0.00254550 Количество: 41.96000000
Цена: 0.00254540 Количество: 40.53000000
Цена: 0.00254530 Количество: 5.80000000
Цена: 0.00254520 Количество: 12.11000000
Цена: 0.00254510 Количество: 1.00000000
Цена: 0.00254500 Количество: 35.26000000
Цена: 0.00254490 Количество: 0.06000000
Цена: 0.00254470 Количество: 40.84000000
Цена: 0.00254450 Количество: 368.63000000
Цена: 0.00254440 Количество: 11.40000000
Цена: 0.00254430 Количество: 0.06000000
Цена: 0.00254420 Количество: 409.95000000
Цена: 0.00254410 Количество: 1.50000000
Цена: 0.00254400 Количество: 1.95000000
Цена: 0.00254390 Количество: 0.10000000
Цена: 0.00254380 Количество: 0.18000000
Цена: 0.00254370 Количество: 40.45000000
Цена: 0.00254360 Количество: 7.29000000
Цена: 0.00254350 Количество: 0.90000000
Цена: 0.00254340 Количество: 5.24000000
Цена: 0.00254330 Количество: 0.07000000
Цена: 0.00254320 Количество: 0.91000000
Цена: 0.00254310 Количество: 0.28000000
Цена: 0.00254300 Количество: 0.19000000
Цена: 0.00254290 Количество: 0.83000000
Цена: 0.00254280 Количество: 19.65000000
Цена: 0.00254270 Количество: 0.59000000
Цена: 0.00254260 Количество: 30.04000000
Цена: 0.00254250 Количество: 1.20000000
Цена: 0.00254240 Количество: 1.82000000
Цена: 0.00254230 Количество: 7.86000000
Цена: 0.00254220 Количество: 20.34000000
Цена: 0.00254210 Количество: 4.23000000
Цена: 0.00254200 Количество: 6.76000000
Цена: 0.00254180 Количество: 3.50000000
Цена: 0.00254170 Количество: 1.33000000
Цена: 0.00254160 Количество: 1966.33000000
Цена: 0.00254150 Количество: 0.79000000
Цена: 0.00254140 Количество: 8.44000000
Цена: 0.00254130 Количество: 2.77000000
Цена: 0.00254120 Количество: 6.76000000
Цена: 0.00254110 Количество: 13.64000000
Цена: 0.00254100 Количество: 0.10000000
Цена: 0.00254090 Количество: 4.31000000
Цена: 0.00254080 Количество: 7.40000000
Цена: 0.00254060 Количество: 6.54000000
Цена: 0.00254050 Количество: 0.58000000
Цена: 0.00254040 Количество: 37.69000000
Цена: 0.00254030 Количество: 0.21000000
Цена: 0.00254020 Количество: 0.15000000
Цена: 0.00254010 Количество: 0.06000000
Цена: 0.00254000 Количество: 605.54000000
Цена: 0.00253990 Количество: 0.63000000
Цена: 0.00253980 Количество: 4.00000000
 
2019-08-28 12:03:00.8529||DEBUG|Quartz.Core.JobRunShell|Trigger instruction : NoInstruction 
2019-08-28 12:03:00.8590||DEBUG|Quartz.Core.QuartzSchedulerThread|Batch acquisition of 1 triggers 
2019-08-28 12:03:30.0027||DEBUG|Quartz.Core.QuartzSchedulerThread|Batch acquisition of 0 triggers 
2019-08-28 12:03:30.0027||DEBUG|Quartz.Core.JobRunShell|Calling Execute on job DEFAULT.WebApiMvc.Data.Quartz.BotApiJob 
2019-08-28 12:03:31.1576||INFO|WebApiMvc.Data.Quartz.BotApiJob|Торги:
-продают:
Цена: 0.00255570 Количество: 0.10000000
Цена: 0.00255510 Количество: 36.01000000
Цена: 0.00255500 Количество: 158.00000000
Цена: 0.00255430 Количество: 50.72000000
Цена: 0.00255390 Количество: 2.12000000
Цена: 0.00255310 Количество: 29.69000000
Цена: 0.00255300 Количество: 122.45000000
Цена: 0.00255290 Количество: 4.25000000
Цена: 0.00255280 Количество: 3.91000000
Цена: 0.00255270 Количество: 5.87000000
Цена: 0.00255240 Количество: 17.20000000
Цена: 0.00255220 Количество: 56.84000000
Цена: 0.00255190 Количество: 48.25000000
Цена: 0.00255170 Количество: 52.69000000
Цена: 0.00255160 Количество: 76.49000000
Цена: 0.00255150 Количество: 50.00000000
Цена: 0.00255140 Количество: 3.85000000
Цена: 0.00255120 Количество: 0.11000000
Цена: 0.00255110 Количество: 23.54000000
Цена: 0.00255030 Количество: 5.79000000
Цена: 0.00255010 Количество: 379.58000000
Цена: 0.00255000 Количество: 101.01000000
Цена: 0.00254970 Количество: 76.35000000
Цена: 0.00254900 Количество: 2.00000000
Цена: 0.00254890 Количество: 79.35000000
Цена: 0.00254860 Количество: 0.18000000
Цена: 0.00254850 Количество: 122.80000000
Цена: 0.00254840 Количество: 78.29000000
Цена: 0.00254810 Количество: 5.79000000
Цена: 0.00254770 Количество: 105.86000000
Цена: 0.00254760 Количество: 13.22000000
Цена: 0.00254750 Количество: 8.85000000
Цена: 0.00254740 Количество: 118.69000000
Цена: 0.00254710 Количество: 1.06000000
Цена: 0.00254700 Количество: 0.91000000
Цена: 0.00254690 Количество: 1.70000000
Цена: 0.00254680 Количество: 12.99000000
Цена: 0.00254670 Количество: 0.34000000
Цена: 0.00254660 Количество: 1.86000000
Цена: 0.00254640 Количество: 6.08000000
Цена: 0.00254630 Количество: 1.33000000
Цена: 0.00254620 Количество: 14.49000000
Цена: 0.00254610 Количество: 10.37000000
Цена: 0.00254600 Количество: 6.75000000
Цена: 0.00254590 Количество: 0.51000000
Цена: 0.00254580 Количество: 41.07000000
Цена: 0.00254560 Количество: 110.38000000
Цена: 0.00254550 Количество: 41.96000000
Цена: 0.00254540 Количество: 40.53000000
Цена: 0.00254520 Количество: 12.11000000
Цена: 0.00254510 Количество: 1.00000000
Цена: 0.00254500 Количество: 35.26000000
Цена: 0.00254490 Количество: 0.06000000
Цена: 0.00254470 Количество: 40.84000000
Цена: 0.00254450 Количество: 368.63000000
Цена: 0.00254440 Количество: 11.40000000
Цена: 0.00254430 Количество: 0.06000000
Цена: 0.00254420 Количество: 415.74000000
Цена: 0.00254410 Количество: 1.50000000
Цена: 0.00254400 Количество: 1.95000000
Цена: 0.00254390 Количество: 0.10000000
Цена: 0.00254380 Количество: 0.18000000
Цена: 0.00254370 Количество: 40.45000000
Цена: 0.00254360 Количество: 7.29000000
Цена: 0.00254350 Количество: 0.90000000
Цена: 0.00254340 Количество: 5.24000000
Цена: 0.00254330 Количество: 0.07000000
Цена: 0.00254320 Количество: 0.91000000
Цена: 0.00254310 Количество: 0.28000000
Цена: 0.00254300 Количество: 0.19000000
Цена: 0.00254290 Количество: 0.83000000
Цена: 0.00254280 Количество: 19.65000000
Цена: 0.00254270 Количество: 0.59000000
Цена: 0.00254260 Количество: 30.04000000
Цена: 0.00254250 Количество: 6.99000000
Цена: 0.00254240 Количество: 1.82000000
Цена: 0.00254230 Количество: 7.86000000
Цена: 0.00254220 Количество: 20.34000000
Цена: 0.00254210 Количество: 4.23000000
Цена: 0.00254200 Количество: 6.76000000
Цена: 0.00254180 Количество: 3.50000000
Цена: 0.00254170 Количество: 1.20000000
Цена: 0.00254160 Количество: 1966.33000000
Цена: 0.00254150 Количество: 0.79000000
Цена: 0.00254140 Количество: 2.64000000
Цена: 0.00254130 Количество: 2.77000000
Цена: 0.00254120 Количество: 6.76000000
Цена: 0.00254110 Количество: 13.64000000
Цена: 0.00254100 Количество: 0.10000000
Цена: 0.00254090 Количество: 4.31000000
Цена: 0.00254080 Количество: 7.40000000
Цена: 0.00254060 Количество: 6.54000000
Цена: 0.00254050 Количество: 0.58000000
Цена: 0.00254040 Количество: 37.69000000
Цена: 0.00254030 Количество: 6.00000000
Цена: 0.00254020 Количество: 0.15000000
Цена: 0.00254010 Количество: 0.06000000
Цена: 0.00254000 Количество: 605.54000000
Цена: 0.00253990 Количество: 0.63000000
Цена: 0.00253980 Количество: 4.00000000
+покупают
Цена: 0.00255570 Количество: 0.10000000
Цена: 0.00255510 Количество: 36.01000000
Цена: 0.00255500 Количество: 158.00000000
Цена: 0.00255430 Количество: 50.72000000
Цена: 0.00255390 Количество: 2.12000000
Цена: 0.00255310 Количество: 29.69000000
Цена: 0.00255300 Количество: 122.45000000
Цена: 0.00255290 Количество: 4.25000000
Цена: 0.00255280 Количество: 3.91000000
Цена: 0.00255270 Количество: 5.87000000
Цена: 0.00255240 Количество: 17.20000000
Цена: 0.00255220 Количество: 56.84000000
Цена: 0.00255190 Количество: 48.25000000
Цена: 0.00255170 Количество: 52.69000000
Цена: 0.00255160 Количество: 76.49000000
Цена: 0.00255150 Количество: 50.00000000
Цена: 0.00255140 Количество: 3.85000000
Цена: 0.00255120 Количество: 0.11000000
Цена: 0.00255110 Количество: 23.54000000
Цена: 0.00255030 Количество: 5.79000000
Цена: 0.00255010 Количество: 379.58000000
Цена: 0.00255000 Количество: 101.01000000
Цена: 0.00254970 Количество: 76.35000000
Цена: 0.00254900 Количество: 2.00000000
Цена: 0.00254890 Количество: 79.35000000
Цена: 0.00254860 Количество: 0.18000000
Цена: 0.00254850 Количество: 122.80000000
Цена: 0.00254840 Количество: 78.29000000
Цена: 0.00254810 Количество: 5.79000000
Цена: 0.00254770 Количество: 105.86000000
Цена: 0.00254760 Количество: 13.22000000
Цена: 0.00254750 Количество: 8.85000000
Цена: 0.00254740 Количество: 118.69000000
Цена: 0.00254710 Количество: 1.06000000
Цена: 0.00254700 Количество: 0.91000000
Цена: 0.00254690 Количество: 1.70000000
Цена: 0.00254680 Количество: 12.99000000
Цена: 0.00254670 Количество: 0.34000000
Цена: 0.00254660 Количество: 1.86000000
Цена: 0.00254640 Количество: 6.08000000
Цена: 0.00254630 Количество: 1.33000000
Цена: 0.00254620 Количество: 14.49000000
Цена: 0.00254610 Количество: 10.37000000
Цена: 0.00254600 Количество: 6.75000000
Цена: 0.00254590 Количество: 0.51000000
Цена: 0.00254580 Количество: 41.07000000
Цена: 0.00254560 Количество: 110.38000000
Цена: 0.00254550 Количество: 41.96000000
Цена: 0.00254540 Количество: 40.53000000
Цена: 0.00254520 Количество: 12.11000000
Цена: 0.00254510 Количество: 1.00000000
Цена: 0.00254500 Количество: 35.26000000
Цена: 0.00254490 Количество: 0.06000000
Цена: 0.00254470 Количество: 40.84000000
Цена: 0.00254450 Количество: 368.63000000
Цена: 0.00254440 Количество: 11.40000000
Цена: 0.00254430 Количество: 0.06000000
Цена: 0.00254420 Количество: 415.74000000
Цена: 0.00254410 Количество: 1.50000000
Цена: 0.00254400 Количество: 1.95000000
Цена: 0.00254390 Количество: 0.10000000
Цена: 0.00254380 Количество: 0.18000000
Цена: 0.00254370 Количество: 40.45000000
Цена: 0.00254360 Количество: 7.29000000
Цена: 0.00254350 Количество: 0.90000000
Цена: 0.00254340 Количество: 5.24000000
Цена: 0.00254330 Количество: 0.07000000
Цена: 0.00254320 Количество: 0.91000000
Цена: 0.00254310 Количество: 0.28000000
Цена: 0.00254300 Количество: 0.19000000
Цена: 0.00254290 Количество: 0.83000000
Цена: 0.00254280 Количество: 19.65000000
Цена: 0.00254270 Количество: 0.59000000
Цена: 0.00254260 Количество: 30.04000000
Цена: 0.00254250 Количество: 6.99000000
Цена: 0.00254240 Количество: 1.82000000
Цена: 0.00254230 Количество: 7.86000000
Цена: 0.00254220 Количество: 20.34000000
Цена: 0.00254210 Количество: 4.23000000
Цена: 0.00254200 Количество: 6.76000000
Цена: 0.00254180 Количество: 3.50000000
Цена: 0.00254170 Количество: 1.20000000
Цена: 0.00254160 Количество: 1966.33000000
Цена: 0.00254150 Количество: 0.79000000
Цена: 0.00254140 Количество: 2.64000000
Цена: 0.00254130 Количество: 2.77000000
Цена: 0.00254120 Количество: 6.76000000
Цена: 0.00254110 Количество: 13.64000000
Цена: 0.00254100 Количество: 0.10000000
Цена: 0.00254090 Количество: 4.31000000
Цена: 0.00254080 Количество: 7.40000000
Цена: 0.00254060 Количество: 6.54000000
Цена: 0.00254050 Количество: 0.58000000
Цена: 0.00254040 Количество: 37.69000000
Цена: 0.00254030 Количество: 6.00000000
Цена: 0.00254020 Количество: 0.15000000
Цена: 0.00254010 Количество: 0.06000000
Цена: 0.00254000 Количество: 605.54000000
Цена: 0.00253990 Количество: 0.63000000
Цена: 0.00253980 Количество: 4.00000000
 
2019-08-28 12:03:31.3587||DEBUG|Quartz.Core.JobRunShell|Trigger instruction : NoInstruction 
2019-08-28 12:03:31.3587||DEBUG|Quartz.Core.QuartzSchedulerThread|Batch acquisition of 1 triggers 
2019-08-28 12:03:34.9779||INFO|Microsoft.Hosting.Lifetime|Application is shutting down... 
2019-08-28 12:03:35.0248||INFO|Quartz.Core.QuartzScheduler|Scheduler DefaultQuartzScheduler_$_NON_CLUSTERED shutting down. 
2019-08-28 12:03:35.0591||INFO|Quartz.Core.QuartzScheduler|Scheduler DefaultQuartzScheduler_$_NON_CLUSTERED paused. 
2019-08-28 12:03:35.0821||DEBUG|Quartz.Simpl.TaskSchedulingThreadPool|Shutting down threadpool... 
2019-08-28 12:03:35.0821||DEBUG|Quartz.Simpl.TaskSchedulingThreadPool|Shutdown of threadpool complete. 
2019-08-28 12:03:35.0991||INFO|Quartz.Core.QuartzScheduler|Scheduler DefaultQuartzScheduler_$_NON_CLUSTERED Shutdown complete. 
